#
# A fatal error has been detected by the Java Runtime Environment:
#
#  SIGSEGV (0xb) at pc=0x0000000109432c30, pid=35131, tid=14599
#
# JRE version: Java(TM) SE Runtime Environment (8.0_51-b16) (build 1.8.0_51-b16)
# Java VM: Java HotSpot(TM) 64-Bit Server VM (25.51-b03 mixed mode bsd-amd64 compressed oops)
# Problematic frame:
# V  [libjvm.dylib+0x432c30]
#
# Failed to write core dump. Core dumps have been disabled. To enable core dumping, try "ulimit -c unlimited" before starting Java again
#
# If you would like to submit a bug report, please visit:
#   http://bugreport.java.com/bugreport/crash.jsp
#

---------------  T H R E A D  ---------------

Current thread (0x00007f95ec011800):  JavaThread "JDWP Transport Listener: dt_socket" daemon [_thread_in_vm, id=14599, stack(0x000070000a53d000,0x000070000a63d000)]

siginfo: si_signo: 11 (SIGSEGV), si_code: 0 (unknown), si_addr: 0x0000000000000000

Registers:
RAX=0x0000000000000001, RBX=0x000070000a63ca8b, RCX=0x00000001097fa190, RDX=0x000070000a63ca8b
RSP=0x000070000a63c9d0, RBP=0x000070000a63c9e0, RSI=0x00007f95ec011800, RDI=0x3000000000000000
R8 =0x0000000000000000, R9 =0x00007f95ed6642d0, R10=0x000007f95ed6f200, R11=0x0000000000000001
R12=0x00007f95ec011800, R13=0x3000000000000000, R14=0x3000000000000000, R15=0x00007f95eac00c30
RIP=0x0000000109432c30, EFLAGS=0x0000000000010206, ERR=0x0000000000000000
  TRAPNO=0x000000000000000d

Top of Stack: (sp=0x000070000a63c9d0)
0x000070000a63c9d0:   000070000a63ca8b 000070000a63ca8b
0x000070000a63c9e0:   000070000a63ca40 0000000109342f8e
0x000070000a63c9f0:   00007f95ec011800 0000000000000000
0x000070000a63ca00:   0000000000000000 0000000000000000
0x000070000a63ca10:   00007f95ec011800 00007f95ec011800
0x000070000a63ca20:   000070000a63ca8b 000070000a63ca90
0x000070000a63ca30:   3000000000000000 0000000000000001
0x000070000a63ca40:   000070000a63ca60 00000001086fd780
0x000070000a63ca50:   0000000000000001 000070000a63cb08
0x000070000a63ca60:   000070000a63cad0 00000001086e21f3
0x000070000a63ca70:   000070000a63caa0 00007f95ed6f1fe0
0x000070000a63ca80:   0000000400000032 000000010063cb08
0x000070000a63ca90:   0000000000000000 0000000000000000
0x000070000a63caa0:   0000000000000000 000070000a63cc90
0x000070000a63cab0:   0000000108704e7a 00007f95ed530600
0x000070000a63cac0:   000070000a63cb08 0000000108710598
0x000070000a63cad0:   000070000a63cae0 00000001086e22ec
0x000070000a63cae0:   000070000a63cd00 00000001086eb898
0x000070000a63caf0:   00000b5800000013 00000000000f0200
0x000070000a63cb00:   00007f95ed53c9e0 000070000a63cb7d
0x000070000a63cb10:   00007f9500000107 000070000a63cb20
0x000070000a63cb20:   00007f9500000025 000070000a63cb58
0x000070000a63cb30:   0000000000000000 0000000000000000
0x000070000a63cb40:   00000b580000001c 0000000000000080
0x000070000a63cb50:   000070000a63cb58 957f000004000000
0x000070000a63cb60:   06000000083522ed 00003e74696e693c
0x000070000a63cb70:   0000005629280300 0000000100000000
0x000070000a63cb80:   0000010100070000 0000420000000000
0x000070000a63cb90:   ffffb03564ed957f 0000ffffffffffff
0x000070000a63cba0:   0001020007000000 0042000000000000
0x000070000a63cbb0:   00b83564ed957f00 0064000000000000
0x000070000a63cbc0:   0103000700000000 4300000000000000 

Instructions: (pc=0x0000000109432c30)
0x0000000109432c10:   40 48 48 85 c0 75 e0 30 c0 0f b6 c0 5d c3 31 c0
0x0000000109432c20:   5d c3 55 48 89 e5 53 48 83 ec 08 48 85 ff 74 24
0x0000000109432c30:   48 8b 1f 48 85 db 74 1c 48 83 fb 37 74 16 48 8b
0x0000000109432c40:   03 48 89 df ff 50 10 84 c0 b8 00 00 00 00 48 0f 

Register to memory mapping:

RAX=0x0000000000000001 is an unknown value
RBX=0x000070000a63ca8b is pointing into the stack for thread: 0x00007f95ec011800
RCX=0x00000001097fa190: UseMembar+0 in /Library/Java/JavaVirtualMachines/jdk1.8.0_51.jdk/Contents/Home/jre/lib/server/libjvm.dylib at 0x0000000109000000
RDX=0x000070000a63ca8b is pointing into the stack for thread: 0x00007f95ec011800
RSP=0x000070000a63c9d0 is pointing into the stack for thread: 0x00007f95ec011800
RBP=0x000070000a63c9e0 is pointing into the stack for thread: 0x00007f95ec011800
RSI=0x00007f95ec011800 is a thread
RDI=0x3000000000000000 is an unknown value
R8 =0x0000000000000000 is an unknown value
R9 =0x00007f95ed6642d0 is an unknown value
R10=0x000007f95ed6f200 is an unknown value
R11=0x0000000000000001 is an unknown value
R12=0x00007f95ec011800 is a thread
R13=0x3000000000000000 is an unknown value
R14=0x3000000000000000 is an unknown value
R15=0x00007f95eac00c30 is an unknown value


Stack: [0x000070000a53d000,0x000070000a63d000],  sp=0x000070000a63c9d0,  free space=1022k
Native frames: (J=compiled Java code, j=interpreted, Vv=VM code, C=native code)
V  [libjvm.dylib+0x432c30]
V  [libjvm.dylib+0x342f8e]
C  [libjdwp.dylib+0x20780]  isMethodSynthetic+0x63
C  [libjdwp.dylib+0x51f3]  methods1+0x10b
C  [libjdwp.dylib+0x52ec]  methodsWithGeneric+0xe
C  [libjdwp.dylib+0xe898]  debugLoop_run+0x1ce
C  [libjdwp.dylib+0x1f6ba]  attachThread+0x4d
V  [libjvm.dylib+0x383f3c]
V  [libjvm.dylib+0x549a6f]
V  [libjvm.dylib+0x54b160]
V  [libjvm.dylib+0x46e99e]
C  [libsystem_pthread.dylib+0x3661]  _pthread_body+0x154
C  [libsystem_pthread.dylib+0x350d]  _pthread_body+0x0
C  [libsystem_pthread.dylib+0x2bf9]  thread_start+0xd
C  0x0000000000000000


---------------  P R O C E S S  ---------------

Java Threads: ( => current thread )
  0x00007f95ec42b000 JavaThread "DiscoveryClient-2" daemon [_thread_blocked, id=29187, stack(0x000070000cbaf000,0x000070000ccaf000)]
  0x00007f95ebc70800 JavaThread "DiscoveryClient-HeartbeatExecutor-0" daemon [_thread_blocked, id=42503, stack(0x000070000b161000,0x000070000b261000)]
  0x00007f95ecd5e800 JavaThread "DiscoveryClient-CacheRefreshExecutor-0" daemon [_thread_blocked, id=43287, stack(0x000070000b05e000,0x000070000b15e000)]
  0x00007f95eb80a800 JavaThread "DestroyJavaVM" [_thread_blocked, id=9987, stack(0x0000700009c22000,0x0000700009d22000)]
  0x00007f95ecd66800 JavaThread "http-nio-8070-AsyncTimeout" daemon [_thread_blocked, id=37123, stack(0x000070000caac000,0x000070000cbac000)]
  0x00007f95ecb63800 JavaThread "http-nio-8070-Acceptor-0" daemon [_thread_in_native, id=28675, stack(0x000070000c9a9000,0x000070000caa9000)]
  0x00007f95ec421000 JavaThread "http-nio-8070-ClientPoller-1" daemon [_thread_in_native, id=28163, stack(0x000070000c8a6000,0x000070000c9a6000)]
  0x00007f95eb6f3000 JavaThread "http-nio-8070-ClientPoller-0" daemon [_thread_in_native, id=27651, stack(0x000070000c7a3000,0x000070000c8a3000)]
  0x00007f95ecb72000 JavaThread "http-nio-8070-exec-10" daemon [_thread_blocked, id=37891, stack(0x000070000c6a0000,0x000070000c7a0000)]
  0x00007f95eba34800 JavaThread "http-nio-8070-exec-9" daemon [_thread_blocked, id=38403, stack(0x000070000c59d000,0x000070000c69d000)]
  0x00007f95eb6ef800 JavaThread "http-nio-8070-exec-8" daemon [_thread_blocked, id=38659, stack(0x000070000c49a000,0x000070000c59a000)]
  0x00007f95eba34000 JavaThread "http-nio-8070-exec-7" daemon [_thread_blocked, id=39171, stack(0x000070000c397000,0x000070000c497000)]
  0x00007f95ec427000 JavaThread "http-nio-8070-exec-6" daemon [_thread_blocked, id=39683, stack(0x000070000c294000,0x000070000c394000)]
  0x00007f95eb6ef000 JavaThread "http-nio-8070-exec-5" daemon [_thread_blocked, id=27139, stack(0x000070000c191000,0x000070000c291000)]
  0x00007f95eb6d5000 JavaThread "http-nio-8070-exec-4" daemon [_thread_blocked, id=40195, stack(0x000070000c08e000,0x000070000c18e000)]
  0x00007f95eba33000 JavaThread "http-nio-8070-exec-3" daemon [_thread_blocked, id=26627, stack(0x000070000bf8b000,0x000070000c08b000)]
  0x00007f95ec426000 JavaThread "http-nio-8070-exec-2" daemon [_thread_blocked, id=26115, stack(0x000070000be88000,0x000070000bf88000)]
  0x00007f95ec420000 JavaThread "http-nio-8070-exec-1" daemon [_thread_blocked, id=40963, stack(0x000070000bd85000,0x000070000be85000)]
  0x00007f95eb6e7800 JavaThread "NioBlockingSelector.BlockPoller-1" daemon [_thread_in_native, id=25859, stack(0x000070000bc82000,0x000070000bd82000)]
  0x00007f95eba14800 JavaThread "DiscoveryClient-InstanceInfoReplicator-0" daemon [_thread_blocked, id=25347, stack(0x000070000bb7f000,0x000070000bc7f000)]
  0x00007f95ec1a8000 JavaThread "DiscoveryClient-1" daemon [_thread_blocked, id=24835, stack(0x000070000ba7c000,0x000070000bb7c000)]
  0x00007f95ec1a9000 JavaThread "DiscoveryClient-0" daemon [_thread_blocked, id=24579, stack(0x000070000b979000,0x000070000ba79000)]
  0x00007f95eb6d6800 JavaThread "AsyncResolver-bootstrap-0" daemon [_thread_blocked, id=24067, stack(0x000070000b876000,0x000070000b976000)]
  0x00007f95eb6d4800 JavaThread "Eureka-JerseyClient-Conn-Cleaner2" daemon [_thread_blocked, id=23811, stack(0x000070000b773000,0x000070000b873000)]
  0x00007f95ecb19000 JavaThread "Eureka-JerseyClient-Conn-Cleaner2" daemon [_thread_blocked, id=3335, stack(0x000070000b670000,0x000070000b770000)]
  0x00007f95ecd10000 JavaThread "spring.cloud.inetutils" daemon [_thread_blocked, id=23299, stack(0x000070000b56d000,0x000070000b66d000)]
  0x00007f95eb5d8000 JavaThread "Tomcat JDBC Pool Cleaner[349885916:1523627108872]" daemon [_thread_blocked, id=23043, stack(0x000070000b46a000,0x000070000b56a000)]
  0x00007f95eb598000 JavaThread "container-0" [_thread_blocked, id=42243, stack(0x000070000b367000,0x000070000b467000)]
  0x00007f95ec3f1800 JavaThread "ContainerBackgroundProcessor[StandardEngine[Tomcat]]" daemon [_thread_blocked, id=22275, stack(0x000070000b264000,0x000070000b364000)]
  0x00007f95eb8e2000 JavaThread "RMI TCP Accept-0" daemon [_thread_in_native, id=17923, stack(0x000070000ae58000,0x000070000af58000)]
  0x00007f95ecb0e000 JavaThread "RMI TCP Accept-56776" daemon [_thread_in_native, id=18435, stack(0x000070000ad55000,0x000070000ae55000)]
  0x00007f95eb3b6000 JavaThread "RMI TCP Accept-0" daemon [_thread_in_native, id=17155, stack(0x000070000ac52000,0x000070000ad52000)]
  0x00007f95ec00b800 JavaThread "Service Thread" daemon [_thread_blocked, id=16643, stack(0x000070000ab4f000,0x000070000ac4f000)]
  0x00007f95eb02a800 JavaThread "C1 CompilerThread2" daemon [_thread_blocked, id=16387, stack(0x000070000aa4c000,0x000070000ab4c000)]
  0x00007f95ec832000 JavaThread "C2 CompilerThread1" daemon [_thread_blocked, id=16131, stack(0x000070000a949000,0x000070000aa49000)]
  0x00007f95ec830000 JavaThread "C2 CompilerThread0" daemon [_thread_blocked, id=15619, stack(0x000070000a846000,0x000070000a946000)]
  0x00007f95eb83b800 JavaThread "JDWP Command Reader" daemon [_thread_in_native, id=15107, stack(0x000070000a743000,0x000070000a843000)]
  0x00007f95ec82f000 JavaThread "JDWP Event Helper Thread" daemon [_thread_blocked, id=19459, stack(0x000070000a640000,0x000070000a740000)]
=>0x00007f95ec011800 JavaThread "JDWP Transport Listener: dt_socket" daemon [_thread_in_vm, id=14599, stack(0x000070000a53d000,0x000070000a63d000)]
  0x00007f95eb017800 JavaThread "Signal Dispatcher" daemon [_thread_blocked, id=14347, stack(0x000070000a43a000,0x000070000a53a000)]
  0x00007f95ec02f800 JavaThread "Finalizer" daemon [_thread_blocked, id=12291, stack(0x000070000a337000,0x000070000a437000)]
  0x00007f95eb82d000 JavaThread "Reference Handler" daemon [_thread_blocked, id=11779, stack(0x000070000a234000,0x000070000a334000)]

Other Threads:
  0x00007f95eb82c800 VMThread [stack: 0x000070000a131000,0x000070000a231000] [id=21251]
  0x00007f95ec178800 WatcherThread [stack: 0x000070000af5b000,0x000070000b05b000] [id=21763]

VM state:not at safepoint (normal execution)

VM Mutex/Monitor currently owned by a thread: None

Heap:
 PSYoungGen      total 287232K, used 85535K [0x0000000795580000, 0x00000007ac280000, 0x00000007c0000000)
  eden space 270336K, 25% used [0x0000000795580000,0x00000007998895e0,0x00000007a5d80000)
  from space 16896K, 99% used [0x00000007a5d80000,0x00000007a6dfea10,0x00000007a6e00000)
  to   space 20480K, 0% used [0x00000007aae80000,0x00000007aae80000,0x00000007ac280000)
 ParOldGen       total 103424K, used 31135K [0x0000000740000000, 0x0000000746500000, 0x0000000795580000)
  object space 103424K, 30% used [0x0000000740000000,0x0000000741e67e00,0x0000000746500000)
 Metaspace       used 49880K, capacity 50500K, committed 50776K, reserved 1093632K
  class space    used 6581K, capacity 6716K, committed 6744K, reserved 1048576K

Card table byte_map: [0x000000010a329000,0x000000010a72a000] byte_map_base: 0x0000000106929000

Marking Bits: (ParMarkBitMap*) 0x00000001098c27a0
 Begin Bits: [0x000000011bea8000, 0x000000011dea8000)
 End Bits:   [0x000000011dea8000, 0x000000011fea8000)

Polling page: 0x00000001086dc000

CodeCache: size=245760Kb used=10015Kb max_used=10103Kb free=235744Kb
 bounds [0x000000010cea8000, 0x000000010d888000, 0x000000011bea8000]
 total_blobs=5228 nmethods=4735 adapters=414
 compilation: enabled

Compilation events (10 events):
Event: 67.974 Thread 0x00007f95eb02a800 4826       1       com.fasterxml.jackson.core.sym.ByteQuadsCanonicalizer::_calcOffset (13 bytes)
Event: 67.974 Thread 0x00007f95eb02a800 nmethod 4826 0x000000010d704850 code [0x000000010d7049a0, 0x000000010d704ab0]
Event: 67.974 Thread 0x00007f95eb02a800 4828   !   1       java.net.URI::encode (142 bytes)
Event: 67.975 Thread 0x00007f95eb02a800 nmethod 4828 0x000000010d2f33d0 code [0x000000010d2f3600, 0x000000010d2f3f98]
Event: 67.976 Thread 0x00007f95eb02a800 4830       1       java.util.concurrent.atomic.AtomicLong::get (5 bytes)
Event: 67.976 Thread 0x00007f95eb02a800 nmethod 4830 0x000000010d704590 code [0x000000010d7046e0, 0x000000010d7047f0]
Event: 67.976 Thread 0x00007f95eb02a800 4827       1       com.fasterxml.jackson.core.json.UTF8StreamJsonParser::nextFieldName (510 bytes)
Event: 67.977 Thread 0x00007f95eb02a800 nmethod 4827 0x000000010d27e810 code [0x000000010d27eb00, 0x000000010d27f648]
Event: 67.977 Thread 0x00007f95eb02a800 4829       1       com.fasterxml.jackson.core.json.UTF8StreamJsonParser::nextToken (513 bytes)
Event: 67.978 Thread 0x00007f95eb02a800 nmethod 4829 0x000000010d211790 code [0x000000010d211a60, 0x000000010d212588]

GC Heap History (10 events):
Event: 3.920 GC heap before
{Heap before GC invocations=9 (full 1):
 PSYoungGen      total 142848K, used 141740K [0x0000000795580000, 0x00000007a3700000, 0x00000007c0000000)
  eden space 132608K, 100% used [0x0000000795580000,0x000000079d700000,0x000000079d700000)
  from space 10240K, 89% used [0x000000079d700000,0x000000079dfeb010,0x000000079e100000)
  to   space 10752K, 0% used [0x00000007a2c80000,0x00000007a2c80000,0x00000007a3700000)
 ParOldGen       total 59392K, used 9166K [0x0000000740000000, 0x0000000743a00000, 0x0000000795580000)
  object space 59392K, 15% used [0x0000000740000000,0x00000007408f38e0,0x0000000743a00000)
 Metaspace       used 28246K, capacity 28578K, committed 28928K, reserved 1075200K
  class space    used 3644K, capacity 3750K, committed 3840K, reserved 1048576K
Event: 3.935 GC heap after
Heap after GC invocations=9 (full 1):
 PSYoungGen      total 217088K, used 10751K [0x0000000795580000, 0x00000007a3b80000, 0x00000007c0000000)
  eden space 206336K, 0% used [0x0000000795580000,0x0000000795580000,0x00000007a1f00000)
  from space 10752K, 99% used [0x00000007a2c80000,0x00000007a36ffc78,0x00000007a3700000)
  to   space 13824K, 0% used [0x00000007a1f00000,0x00000007a1f00000,0x00000007a2c80000)
 ParOldGen       total 59392K, used 12552K [0x0000000740000000, 0x0000000743a00000, 0x0000000795580000)
  object space 59392K, 21% used [0x0000000740000000,0x0000000740c42340,0x0000000743a00000)
 Metaspace       used 28246K, capacity 28578K, committed 28928K, reserved 1075200K
  class space    used 3644K, capacity 3750K, committed 3840K, reserved 1048576K
}
Event: 4.681 GC heap before
{Heap before GC invocations=10 (full 1):
 PSYoungGen      total 217088K, used 96711K [0x0000000795580000, 0x00000007a3b80000, 0x00000007c0000000)
  eden space 206336K, 41% used [0x0000000795580000,0x000000079a972080,0x00000007a1f00000)
  from space 10752K, 99% used [0x00000007a2c80000,0x00000007a36ffc78,0x00000007a3700000)
  to   space 13824K, 0% used [0x00000007a1f00000,0x00000007a1f00000,0x00000007a2c80000)
 ParOldGen       total 59392K, used 12552K [0x0000000740000000, 0x0000000743a00000, 0x0000000795580000)
  object space 59392K, 21% used [0x0000000740000000,0x0000000740c42340,0x0000000743a00000)
 Metaspace       used 34986K, capacity 35346K, committed 35416K, reserved 1079296K
  class space    used 4551K, capacity 4638K, committed 4696K, reserved 1048576K
Event: 4.700 GC heap after
Heap after GC invocations=10 (full 1):
 PSYoungGen      total 220160K, used 13818K [0x0000000795580000, 0x00000007a8580000, 0x00000007c0000000)
  eden space 206336K, 0% used [0x0000000795580000,0x0000000795580000,0x00000007a1f00000)
  from space 13824K, 99% used [0x00000007a1f00000,0x00000007a2c7e978,0x00000007a2c80000)
  to   space 17408K, 0% used [0x00000007a7480000,0x00000007a7480000,0x00000007a8580000)
 ParOldGen       total 59392K, used 17600K [0x0000000740000000, 0x0000000743a00000, 0x0000000795580000)
  object space 59392K, 29% used [0x0000000740000000,0x00000007411302b8,0x0000000743a00000)
 Metaspace       used 34986K, capacity 35346K, committed 35416K, reserved 1079296K
  class space    used 4551K, capacity 4638K, committed 4696K, reserved 1048576K
}
Event: 4.700 GC heap before
{Heap before GC invocations=11 (full 2):
 PSYoungGen      total 220160K, used 13818K [0x0000000795580000, 0x00000007a8580000, 0x00000007c0000000)
  eden space 206336K, 0% used [0x0000000795580000,0x0000000795580000,0x00000007a1f00000)
  from space 13824K, 99% used [0x00000007a1f00000,0x00000007a2c7e978,0x00000007a2c80000)
  to   space 17408K, 0% used [0x00000007a7480000,0x00000007a7480000,0x00000007a8580000)
 ParOldGen       total 59392K, used 17600K [0x0000000740000000, 0x0000000743a00000, 0x0000000795580000)
  object space 59392K, 29% used [0x0000000740000000,0x00000007411302b8,0x0000000743a00000)
 Metaspace       used 34986K, capacity 35346K, committed 35416K, reserved 1079296K
  class space    used 4551K, capacity 4638K, committed 4696K, reserved 1048576K
Event: 4.794 GC heap after
Heap after GC invocations=11 (full 2):
 PSYoungGen      total 220160K, used 0K [0x0000000795580000, 0x00000007a8580000, 0x00000007c0000000)
  eden space 206336K, 0% used [0x0000000795580000,0x0000000795580000,0x00000007a1f00000)
  from space 13824K, 0% used [0x00000007a1f00000,0x00000007a1f00000,0x00000007a2c80000)
  to   space 17408K, 0% used [0x00000007a7480000,0x00000007a7480000,0x00000007a8580000)
 ParOldGen       total 103424K, used 26796K [0x0000000740000000, 0x0000000746500000, 0x0000000795580000)
  object space 103424K, 25% used [0x0000000740000000,0x0000000741a2b0d8,0x0000000746500000)
 Metaspace       used 34986K, capacity 35346K, committed 35416K, reserved 1079296K
  class space    used 4551K, capacity 4638K, committed 4696K, reserved 1048576K
}
Event: 6.089 GC heap before
{Heap before GC invocations=12 (full 2):
 PSYoungGen      total 220160K, used 206336K [0x0000000795580000, 0x00000007a8580000, 0x00000007c0000000)
  eden space 206336K, 100% used [0x0000000795580000,0x00000007a1f00000,0x00000007a1f00000)
  from space 13824K, 0% used [0x00000007a1f00000,0x00000007a1f00000,0x00000007a2c80000)
  to   space 17408K, 0% used [0x00000007a7480000,0x00000007a7480000,0x00000007a8580000)
 ParOldGen       total 103424K, used 26796K [0x0000000740000000, 0x0000000746500000, 0x0000000795580000)
  object space 103424K, 25% used [0x0000000740000000,0x0000000741a2b0d8,0x0000000746500000)
 Metaspace       used 38212K, capacity 38694K, committed 39000K, reserved 1083392K
  class space    used 4973K, capacity 5100K, committed 5208K, reserved 1048576K
Event: 6.101 GC heap after
Heap after GC invocations=12 (full 2):
 PSYoungGen      total 269312K, used 9814K [0x0000000795580000, 0x00000007a7e80000, 0x00000007c0000000)
  eden space 259072K, 0% used [0x0000000795580000,0x0000000795580000,0x00000007a5280000)
  from space 10240K, 95% used [0x00000007a7480000,0x00000007a7e15b18,0x00000007a7e80000)
  to   space 16896K, 0% used [0x00000007a5d80000,0x00000007a5d80000,0x00000007a6e00000)
 ParOldGen       total 103424K, used 26804K [0x0000000740000000, 0x0000000746500000, 0x0000000795580000)
  object space 103424K, 25% used [0x0000000740000000,0x0000000741a2d0d8,0x0000000746500000)
 Metaspace       used 38212K, capacity 38694K, committed 39000K, reserved 1083392K
  class space    used 4973K, capacity 5100K, committed 5208K, reserved 1048576K
}
Event: 8.181 GC heap before
{Heap before GC invocations=13 (full 2):
 PSYoungGen      total 269312K, used 268886K [0x0000000795580000, 0x00000007a7e80000, 0x00000007c0000000)
  eden space 259072K, 100% used [0x0000000795580000,0x00000007a5280000,0x00000007a5280000)
  from space 10240K, 95% used [0x00000007a7480000,0x00000007a7e15b18,0x00000007a7e80000)
  to   space 16896K, 0% used [0x00000007a5d80000,0x00000007a5d80000,0x00000007a6e00000)
 ParOldGen       total 103424K, used 26804K [0x0000000740000000, 0x0000000746500000, 0x0000000795580000)
  object space 103424K, 25% used [0x0000000740000000,0x0000000741a2d0d8,0x0000000746500000)
 Metaspace       used 46913K, capacity 47540K, committed 47832K, reserved 1091584K
  class space    used 6179K, capacity 6328K, committed 6360K, reserved 1048576K
Event: 8.266 GC heap after
Heap after GC invocations=13 (full 2):
 PSYoungGen      total 287232K, used 16890K [0x0000000795580000, 0x00000007ac280000, 0x00000007c0000000)
  eden space 270336K, 0% used [0x0000000795580000,0x0000000795580000,0x00000007a5d80000)
  from space 16896K, 99% used [0x00000007a5d80000,0x00000007a6dfea10,0x00000007a6e00000)
  to   space 20480K, 0% used [0x00000007aae80000,0x00000007aae80000,0x00000007ac280000)
 ParOldGen       total 103424K, used 31135K [0x0000000740000000, 0x0000000746500000, 0x0000000795580000)
  object space 103424K, 30% used [0x0000000740000000,0x0000000741e67e00,0x0000000746500000)
 Metaspace       used 46913K, capacity 47540K, committed 47832K, reserved 1091584K
  class space    used 6179K, capacity 6328K, committed 6360K, reserved 1048576K
}

Deoptimization events (0 events):
No events

Internal exceptions (10 events):
Event: 17.643 Thread 0x00007f95ec420000 Exception <a 'java/lang/ClassNotFoundException': org/springframework/web/servlet/theme/AbstractThemeResolverCustomizer> (0x0000000797d262d0) thrown at [/Users/java_re/workspace/8-2-build-macosx-x86_64/jdk8u51/3951/hotspot/src/share/vm/classfile/systemDict
Event: 17.644 Thread 0x00007f95ec420000 Exception <a 'java/lang/ClassNotFoundException': org/springframework/web/servlet/theme/FixedThemeResolverCustomizer> (0x0000000797d53d58) thrown at [/Users/java_re/workspace/8-2-build-macosx-x86_64/jdk8u51/3951/hotspot/src/share/vm/classfile/systemDiction
Event: 17.646 Thread 0x00007f95ec420000 Exception <a 'java/lang/ClassNotFoundException': org/springframework/web/servlet/ThemeResolverCustomizer> (0x0000000797d7ccf8) thrown at [/Users/java_re/workspace/8-2-build-macosx-x86_64/jdk8u51/3951/hotspot/src/share/vm/classfile/systemDictionary.cpp, li
Event: 17.651 Thread 0x00007f95ec420000 Exception <a 'java/lang/ClassNotFoundException': java/lang/ObjectCustomizer> (0x0000000797db4ed0) thrown at [/Users/java_re/workspace/8-2-build-macosx-x86_64/jdk8u51/3951/hotspot/src/share/vm/classfile/systemDictionary.cpp, line 210]
Event: 17.652 Thread 0x00007f95ec420000 Exception <a 'java/lang/ClassNotFoundException': org/springframework/web/servlet/view/DefaultRequestToViewNameTranslatorCustomizer> (0x0000000797de9d18) thrown at [/Users/java_re/workspace/8-2-build-macosx-x86_64/jdk8u51/3951/hotspot/src/share/vm/classfil
Event: 17.653 Thread 0x00007f95ec420000 Exception <a 'java/lang/ClassNotFoundException': org/springframework/web/servlet/RequestToViewNameTranslatorCustomizer> (0x0000000797e27bc0) thrown at [/Users/java_re/workspace/8-2-build-macosx-x86_64/jdk8u51/3951/hotspot/src/share/vm/classfile/systemDict
Event: 17.656 Thread 0x00007f95ec420000 Exception <a 'java/lang/ClassNotFoundException': java/lang/ObjectCustomizer> (0x0000000797e694e0) thrown at [/Users/java_re/workspace/8-2-build-macosx-x86_64/jdk8u51/3951/hotspot/src/share/vm/classfile/systemDictionary.cpp, line 210]
Event: 17.657 Thread 0x00007f95ec420000 Exception <a 'java/lang/ClassNotFoundException': org/springframework/web/servlet/support/AbstractFlashMapManagerCustomizer> (0x0000000797e9a9e0) thrown at [/Users/java_re/workspace/8-2-build-macosx-x86_64/jdk8u51/3951/hotspot/src/share/vm/classfile/system
Event: 17.658 Thread 0x00007f95ec420000 Exception <a 'java/lang/ClassNotFoundException': org/springframework/web/servlet/support/SessionFlashMapManagerCustomizer> (0x0000000797ecfca0) thrown at [/Users/java_re/workspace/8-2-build-macosx-x86_64/jdk8u51/3951/hotspot/src/share/vm/classfile/systemD
Event: 17.659 Thread 0x00007f95ec420000 Exception <a 'java/lang/ClassNotFoundException': org/springframework/web/servlet/FlashMapManagerCustomizer> (0x0000000797ef8f80) thrown at [/Users/java_re/workspace/8-2-build-macosx-x86_64/jdk8u51/3951/hotspot/src/share/vm/classfile/systemDictionary.cpp, 

Events (10 events):
Event: 69.423 Executing VM operation: EnterInterpOnlyMode
Event: 69.423 Executing nested VM operation: Deoptimize
Event: 69.425 Executing nested VM operation: Deoptimize done
Event: 69.426 Executing VM operation: EnterInterpOnlyMode done
Event: 69.426 Executing VM operation: ChangeSingleStep
Event: 69.427 Executing VM operation: ChangeSingleStep done
Event: 69.428 Executing VM operation: ChangeSingleStep
Event: 69.429 Executing VM operation: ChangeSingleStep done
Event: 69.446 Executing VM operation: RedefineClasses
Event: 69.479 Executing VM operation: RedefineClasses done


Dynamic libraries:
0x00000000221d7000 	/System/Library/Frameworks/Cocoa.framework/Versions/A/Cocoa
0x00000000221d7000 	/System/Library/Frameworks/Security.framework/Versions/A/Security
0x00000000221d7000 	/System/Library/Frameworks/ApplicationServices.framework/Versions/A/ApplicationServices
0x00000000221d7000 	/usr/lib/libz.1.dylib
0x00000000221d7000 	/usr/lib/libSystem.B.dylib
0x00000000221d7000 	/usr/lib/libobjc.A.dylib
0x00000000221d7000 	/System/Library/Frameworks/CoreFoundation.framework/Versions/A/CoreFoundation
0x00000000221d7000 	/System/Library/Frameworks/Foundation.framework/Versions/C/Foundation
0x00000000221d7000 	/System/Library/Frameworks/AppKit.framework/Versions/C/AppKit
0x00000000221d7000 	/System/Library/Frameworks/CoreData.framework/Versions/A/CoreData
0x00000000221d7000 	/System/Library/PrivateFrameworks/RemoteViewServices.framework/Versions/A/RemoteViewServices
0x00000000221d7000 	/System/Library/PrivateFrameworks/UIFoundation.framework/Versions/A/UIFoundation
0x00000000221d7000 	/System/Library/PrivateFrameworks/DFRFoundation.framework/Versions/A/DFRFoundation
0x00000000221d7000 	/System/Library/Frameworks/Metal.framework/Versions/A/Metal
0x00000000221d7000 	/System/Library/PrivateFrameworks/DesktopServicesPriv.framework/Versions/A/DesktopServicesPriv
0x00000000221d7000 	/usr/lib/libenergytrace.dylib
0x00000000221d7000 	/System/Library/PrivateFrameworks/SkyLight.framework/Versions/A/SkyLight
0x00000000221d7000 	/System/Library/Frameworks/CoreGraphics.framework/Versions/A/CoreGraphics
0x00000000221d7000 	/usr/lib/libScreenReader.dylib
0x00000000221d7000 	/System/Library/Frameworks/Accelerate.framework/Versions/A/Accelerate
0x00000000221d7000 	/System/Library/Frameworks/IOSurface.framework/Versions/A/IOSurface
0x00000000221d7000 	/System/Library/Frameworks/AudioToolbox.framework/Versions/A/AudioToolbox
0x00000000221d7000 	/System/Library/Frameworks/AudioUnit.framework/Versions/A/AudioUnit
0x00000000221d7000 	/System/Library/PrivateFrameworks/DataDetectorsCore.framework/Versions/A/DataDetectorsCore
0x00000000221d7000 	/System/Library/Frameworks/Carbon.framework/Versions/A/Frameworks/HIToolbox.framework/Versions/A/HIToolbox
0x00000000221d7000 	/usr/lib/libicucore.A.dylib
0x00000000221d7000 	/System/Library/Frameworks/QuartzCore.framework/Versions/A/QuartzCore
0x00000000221d7000 	/System/Library/PrivateFrameworks/SignpostNotification.framework/Versions/A/SignpostNotification
0x00000000221d7000 	/System/Library/Frameworks/Carbon.framework/Versions/A/Frameworks/SpeechRecognition.framework/Versions/A/SpeechRecognition
0x00000000221d7000 	/usr/lib/libauto.dylib
0x00000000221d7000 	/usr/lib/libxml2.2.dylib
0x00000000221d7000 	/System/Library/PrivateFrameworks/CoreUI.framework/Versions/A/CoreUI
0x00000000221d7000 	/System/Library/Frameworks/CoreAudio.framework/Versions/A/CoreAudio
0x00000000221d7000 	/System/Library/Frameworks/DiskArbitration.framework/Versions/A/DiskArbitration
0x00000000221d7000 	/usr/lib/liblangid.dylib
0x00000000221d7000 	/System/Library/PrivateFrameworks/MultitouchSupport.framework/Versions/A/MultitouchSupport
0x00000000221d7000 	/System/Library/Frameworks/IOKit.framework/Versions/A/IOKit
0x00000000221d7000 	/usr/lib/libDiagnosticMessagesClient.dylib
0x00000000221d7000 	/System/Library/Frameworks/CoreServices.framework/Versions/A/CoreServices
0x00000000221d7000 	/System/Library/PrivateFrameworks/PerformanceAnalysis.framework/Versions/A/PerformanceAnalysis
0x00000000221d7000 	/System/Library/Frameworks/OpenGL.framework/Versions/A/OpenGL
0x00000000221d7000 	/System/Library/Frameworks/ColorSync.framework/Versions/A/ColorSync
0x00000000221d7000 	/System/Library/Frameworks/CoreImage.framework/Versions/A/CoreImage
0x00000000221d7000 	/System/Library/Frameworks/CoreText.framework/Versions/A/CoreText
0x00000000221d7000 	/System/Library/Frameworks/ImageIO.framework/Versions/A/ImageIO
0x00000000221d7000 	/System/Library/PrivateFrameworks/Backup.framework/Versions/A/Backup
0x00000000221d7000 	/usr/lib/libarchive.2.dylib
0x00000000221d7000 	/System/Library/Frameworks/CFNetwork.framework/Versions/A/CFNetwork
0x00000000221d7000 	/System/Library/Frameworks/SystemConfiguration.framework/Versions/A/SystemConfiguration
0x00000000221d7000 	/usr/lib/libCRFSuite.dylib
0x00000000221d7000 	/usr/lib/libc++.1.dylib
0x00000000221d7000 	/usr/lib/libc++abi.dylib
0x00000000221d7000 	/usr/lib/system/libcache.dylib
0x00000000221d7000 	/usr/lib/system/libcommonCrypto.dylib
0x00000000221d7000 	/usr/lib/system/libcompiler_rt.dylib
0x00000000221d7000 	/usr/lib/system/libcopyfile.dylib
0x00000000221d7000 	/usr/lib/system/libcorecrypto.dylib
0x00000000221d7000 	/usr/lib/system/libdispatch.dylib
0x00000000221d7000 	/usr/lib/system/libdyld.dylib
0x00000000221d7000 	/usr/lib/system/libkeymgr.dylib
0x00000000221d7000 	/usr/lib/system/liblaunch.dylib
0x00000000221d7000 	/usr/lib/system/libmacho.dylib
0x00000000221d7000 	/usr/lib/system/libquarantine.dylib
0x00000000221d7000 	/usr/lib/system/libremovefile.dylib
0x00000000221d7000 	/usr/lib/system/libsystem_asl.dylib
0x00000000221d7000 	/usr/lib/system/libsystem_blocks.dylib
0x00000000221d7000 	/usr/lib/system/libsystem_c.dylib
0x00000000221d7000 	/usr/lib/system/libsystem_configuration.dylib
0x00000000221d7000 	/usr/lib/system/libsystem_coreservices.dylib
0x00000000221d7000 	/usr/lib/system/libsystem_darwin.dylib
0x00000000221d7000 	/usr/lib/system/libsystem_dnssd.dylib
0x00000000221d7000 	/usr/lib/system/libsystem_info.dylib
0x00000000221d7000 	/usr/lib/system/libsystem_m.dylib
0x00000000221d7000 	/usr/lib/system/libsystem_malloc.dylib
0x00000000221d7000 	/usr/lib/system/libsystem_network.dylib
0x00000000221d7000 	/usr/lib/system/libsystem_networkextension.dylib
0x00000000221d7000 	/usr/lib/system/libsystem_notify.dylib
0x00000000221d7000 	/usr/lib/system/libsystem_sandbox.dylib
0x00000000221d7000 	/usr/lib/system/libsystem_secinit.dylib
0x00000000221d7000 	/usr/lib/system/libsystem_kernel.dylib
0x00000000221d7000 	/usr/lib/system/libsystem_platform.dylib
0x00000000221d7000 	/usr/lib/system/libsystem_pthread.dylib
0x00000000221d7000 	/usr/lib/system/libsystem_symptoms.dylib
0x00000000221d7000 	/usr/lib/system/libsystem_trace.dylib
0x00000000221d7000 	/usr/lib/system/libunwind.dylib
0x00000000221d7000 	/usr/lib/system/libxpc.dylib
0x00000000221d7000 	/usr/lib/closure/libclosured.dylib
0x00000000221d7000 	/usr/lib/libbsm.0.dylib
0x00000000221d7000 	/usr/lib/system/libkxld.dylib
0x00000000221d7000 	/usr/lib/libOpenScriptingUtil.dylib
0x00000000221d7000 	/usr/lib/libcoretls.dylib
0x00000000221d7000 	/usr/lib/libcoretls_cfhelpers.dylib
0x00000000221d7000 	/usr/lib/libpam.2.dylib
0x00000000221d7000 	/usr/lib/libsqlite3.dylib
0x00000000221d7000 	/usr/lib/libxar.1.dylib
0x00000000221d7000 	/usr/lib/libbz2.1.0.dylib
0x00000000221d7000 	/usr/lib/liblzma.5.dylib
0x00000000221d7000 	/usr/lib/libnetwork.dylib
0x00000000221d7000 	/usr/lib/libapple_nghttp2.dylib
0x00000000221d7000 	/usr/lib/libpcap.A.dylib
0x00000000221d7000 	/usr/lib/libboringssl.dylib
0x00000000221d7000 	/usr/lib/libusrtcp.dylib
0x00000000221d7000 	/usr/lib/libapple_crypto.dylib
0x00000000221d7000 	/System/Library/Frameworks/CoreServices.framework/Versions/A/Frameworks/FSEvents.framework/Versions/A/FSEvents
0x00000000221d7000 	/System/Library/Frameworks/CoreServices.framework/Versions/A/Frameworks/CarbonCore.framework/Versions/A/CarbonCore
0x00000000221d7000 	/System/Library/Frameworks/CoreServices.framework/Versions/A/Frameworks/Metadata.framework/Versions/A/Metadata
0x00000000221d7000 	/System/Library/Frameworks/CoreServices.framework/Versions/A/Frameworks/OSServices.framework/Versions/A/OSServices
0x00000000221d7000 	/System/Library/Frameworks/CoreServices.framework/Versions/A/Frameworks/SearchKit.framework/Versions/A/SearchKit
0x00000000221d7000 	/System/Library/Frameworks/CoreServices.framework/Versions/A/Frameworks/AE.framework/Versions/A/AE
0x00000000221d7000 	/System/Library/Frameworks/CoreServices.framework/Versions/A/Frameworks/LaunchServices.framework/Versions/A/LaunchServices
0x00000000221d7000 	/System/Library/Frameworks/CoreServices.framework/Versions/A/Frameworks/DictionaryServices.framework/Versions/A/DictionaryServices
0x00000000221d7000 	/System/Library/Frameworks/CoreServices.framework/Versions/A/Frameworks/SharedFileList.framework/Versions/A/SharedFileList
0x00000000221d7000 	/System/Library/Frameworks/NetFS.framework/Versions/A/NetFS
0x00000000221d7000 	/System/Library/PrivateFrameworks/NetAuth.framework/Versions/A/NetAuth
0x00000000221d7000 	/System/Library/PrivateFrameworks/login.framework/Versions/A/Frameworks/loginsupport.framework/Versions/A/loginsupport
0x00000000221d7000 	/System/Library/PrivateFrameworks/TCC.framework/Versions/A/TCC
0x00000000221d7000 	/usr/lib/libmecabra.dylib
0x00000000221d7000 	/System/Library/Frameworks/ApplicationServices.framework/Versions/A/Frameworks/ATS.framework/Versions/A/ATS
0x00000000221d7000 	/System/Library/Frameworks/ApplicationServices.framework/Versions/A/Frameworks/ColorSyncLegacy.framework/Versions/A/ColorSyncLegacy
0x00000000221d7000 	/System/Library/Frameworks/ApplicationServices.framework/Versions/A/Frameworks/HIServices.framework/Versions/A/HIServices
0x00000000221d7000 	/System/Library/Frameworks/ApplicationServices.framework/Versions/A/Frameworks/LangAnalysis.framework/Versions/A/LangAnalysis
0x00000000221d7000 	/System/Library/Frameworks/ApplicationServices.framework/Versions/A/Frameworks/PrintCore.framework/Versions/A/PrintCore
0x00000000221d7000 	/System/Library/Frameworks/ApplicationServices.framework/Versions/A/Frameworks/QD.framework/Versions/A/QD
0x00000000221d7000 	/System/Library/Frameworks/ApplicationServices.framework/Versions/A/Frameworks/SpeechSynthesis.framework/Versions/A/SpeechSynthesis
0x00000000221d7000 	/System/Library/Frameworks/CoreDisplay.framework/Versions/A/CoreDisplay
0x00000000221d7000 	/System/Library/Frameworks/Accelerate.framework/Versions/A/Frameworks/vImage.framework/Versions/A/vImage
0x00000000221d7000 	/System/Library/Frameworks/Accelerate.framework/Versions/A/Frameworks/vecLib.framework/Versions/A/vecLib
0x00000000221d7000 	/System/Library/Frameworks/Accelerate.framework/Versions/A/Frameworks/vecLib.framework/Versions/A/libvDSP.dylib
0x00000000221d7000 	/System/Library/Frameworks/Accelerate.framework/Versions/A/Frameworks/vecLib.framework/Versions/A/libBNNS.dylib
0x00000000221d7000 	/System/Library/Frameworks/Accelerate.framework/Versions/A/Frameworks/vecLib.framework/Versions/A/libQuadrature.dylib
0x00000000221d7000 	/System/Library/Frameworks/Accelerate.framework/Versions/A/Frameworks/vecLib.framework/Versions/A/libvMisc.dylib
0x00000000221d7000 	/System/Library/Frameworks/Accelerate.framework/Versions/A/Frameworks/vecLib.framework/Versions/A/libLAPACK.dylib
0x00000000221d7000 	/System/Library/Frameworks/Accelerate.framework/Versions/A/Frameworks/vecLib.framework/Versions/A/libBLAS.dylib
0x00000000221d7000 	/System/Library/Frameworks/Accelerate.framework/Versions/A/Frameworks/vecLib.framework/Versions/A/libLinearAlgebra.dylib
0x00000000221d7000 	/System/Library/Frameworks/Accelerate.framework/Versions/A/Frameworks/vecLib.framework/Versions/A/libSparse.dylib
0x00000000221d7000 	/System/Library/Frameworks/Accelerate.framework/Versions/A/Frameworks/vecLib.framework/Versions/A/libSparseBLAS.dylib
0x00000000221d7000 	/System/Library/PrivateFrameworks/GPUWrangler.framework/Versions/A/GPUWrangler
0x00000000221d7000 	/System/Library/PrivateFrameworks/IOAccelerator.framework/Versions/A/IOAccelerator
0x00000000221d7000 	/System/Library/PrivateFrameworks/IOPresentment.framework/Versions/A/IOPresentment
0x00000000221d7000 	/System/Library/PrivateFrameworks/DSExternalDisplay.framework/Versions/A/DSExternalDisplay
0x00000000221d7000 	/System/Library/Frameworks/OpenGL.framework/Versions/A/Libraries/libCoreFSCache.dylib
0x00000000221d7000 	/System/Library/Frameworks/CoreVideo.framework/Versions/A/CoreVideo
0x00000000221d7000 	/System/Library/PrivateFrameworks/GraphVisualizer.framework/Versions/A/GraphVisualizer
0x00000000221d7000 	/System/Library/Frameworks/MetalPerformanceShaders.framework/Versions/A/MetalPerformanceShaders
0x00000000221d7000 	/usr/lib/libFosl_dynamic.dylib
0x00000000221d7000 	/System/Library/PrivateFrameworks/FaceCore.framework/Versions/A/FaceCore
0x00000000221d7000 	/System/Library/Frameworks/OpenCL.framework/Versions/A/OpenCL
0x00000000221d7000 	/usr/lib/libcompression.dylib
0x00000000221d7000 	/System/Library/Frameworks/ApplicationServices.framework/Versions/A/Frameworks/ATS.framework/Versions/A/Resources/libFontParser.dylib
0x00000000221d7000 	/System/Library/Frameworks/ApplicationServices.framework/Versions/A/Frameworks/ATS.framework/Versions/A/Resources/libFontRegistry.dylib
0x00000000221d7000 	/System/Library/Frameworks/ImageIO.framework/Versions/A/Resources/libJPEG.dylib
0x00000000221d7000 	/System/Library/Frameworks/ImageIO.framework/Versions/A/Resources/libTIFF.dylib
0x00000000221d7000 	/System/Library/Frameworks/ImageIO.framework/Versions/A/Resources/libPng.dylib
0x00000000221d7000 	/System/Library/Frameworks/ImageIO.framework/Versions/A/Resources/libGIF.dylib
0x00000000221d7000 	/System/Library/Frameworks/ImageIO.framework/Versions/A/Resources/libJP2.dylib
0x00000000221d7000 	/System/Library/Frameworks/ImageIO.framework/Versions/A/Resources/libRadiance.dylib
0x00000000221d7000 	/System/Library/PrivateFrameworks/AppleJPEG.framework/Versions/A/AppleJPEG
0x00000000221d7000 	/System/Library/Frameworks/MetalPerformanceShaders.framework/Frameworks/MPSCore.framework/Versions/A/MPSCore
0x00000000221d7000 	/System/Library/Frameworks/MetalPerformanceShaders.framework/Frameworks/MPSImage.framework/Versions/A/MPSImage
0x00000000221d7000 	/System/Library/Frameworks/MetalPerformanceShaders.framework/Frameworks/MPSNeuralNetwork.framework/Versions/A/MPSNeuralNetwork
0x00000000221d7000 	/System/Library/Frameworks/MetalPerformanceShaders.framework/Frameworks/MPSMatrix.framework/Versions/A/MPSMatrix
0x00000000221d7000 	/System/Library/PrivateFrameworks/MetalTools.framework/Versions/A/MetalTools
0x00000000221d7000 	/System/Library/Frameworks/OpenGL.framework/Versions/A/Libraries/libGLU.dylib
0x00000000221d7000 	/System/Library/Frameworks/OpenGL.framework/Versions/A/Libraries/libGFXShared.dylib
0x00000000221d7000 	/System/Library/Frameworks/OpenGL.framework/Versions/A/Libraries/libGL.dylib
0x00000000221d7000 	/System/Library/Frameworks/OpenGL.framework/Versions/A/Libraries/libGLImage.dylib
0x00000000221d7000 	/System/Library/Frameworks/OpenGL.framework/Versions/A/Libraries/libCVMSPluginSupport.dylib
0x00000000221d7000 	/System/Library/Frameworks/OpenGL.framework/Versions/A/Libraries/libCoreVMClient.dylib
0x00000000221d7000 	/usr/lib/libcups.2.dylib
0x00000000221d7000 	/System/Library/Frameworks/Kerberos.framework/Versions/A/Kerberos
0x00000000221d7000 	/System/Library/Frameworks/GSS.framework/Versions/A/GSS
0x00000000221d7000 	/usr/lib/libresolv.9.dylib
0x00000000221d7000 	/usr/lib/libiconv.2.dylib
0x00000000221d7000 	/System/Library/PrivateFrameworks/Heimdal.framework/Versions/A/Heimdal
0x00000000221d7000 	/usr/lib/libheimdal-asn1.dylib
0x00000000221d7000 	/System/Library/Frameworks/OpenDirectory.framework/Versions/A/OpenDirectory
0x00000000221d7000 	/System/Library/PrivateFrameworks/CommonAuth.framework/Versions/A/CommonAuth
0x00000000221d7000 	/System/Library/Frameworks/OpenDirectory.framework/Versions/A/Frameworks/CFOpenDirectory.framework/Versions/A/CFOpenDirectory
0x00000000221d7000 	/System/Library/Frameworks/SecurityFoundation.framework/Versions/A/SecurityFoundation
0x00000000221d7000 	/System/Library/PrivateFrameworks/APFS.framework/Versions/A/APFS
0x00000000221d7000 	/usr/lib/libutil.dylib
0x00000000221d7000 	/System/Library/PrivateFrameworks/AppleSauce.framework/Versions/A/AppleSauce
0x00000000221d7000 	/System/Library/PrivateFrameworks/LinguisticData.framework/Versions/A/LinguisticData
0x00000000221d7000 	/usr/lib/libmarisa.dylib
0x00000000221d7000 	/System/Library/PrivateFrameworks/Lexicon.framework/Versions/A/Lexicon
0x00000000221d7000 	/usr/lib/libChineseTokenizer.dylib
0x00000000221d7000 	/usr/lib/libcmph.dylib
0x00000000221d7000 	/System/Library/PrivateFrameworks/LanguageModeling.framework/Versions/A/LanguageModeling
0x00000000221d7000 	/System/Library/PrivateFrameworks/CoreEmoji.framework/Versions/A/CoreEmoji
0x00000000221d7000 	/System/Library/Frameworks/ServiceManagement.framework/Versions/A/ServiceManagement
0x00000000221d7000 	/System/Library/PrivateFrameworks/BackgroundTaskManagement.framework/Versions/A/BackgroundTaskManagement
0x00000000221d7000 	/usr/lib/libxslt.1.dylib
0x00000000221d7000 	/System/Library/Frameworks/Carbon.framework/Versions/A/Frameworks/Ink.framework/Versions/A/Ink
0x00000000221d7000 	/System/Library/PrivateFrameworks/TextureIO.framework/Versions/A/TextureIO
0x00000000221d7000 	/usr/lib/libate.dylib
0x00000000221d7000 	/System/Library/PrivateFrameworks/CrashReporterSupport.framework/Versions/A/CrashReporterSupport
0x00000000221d7000 	/System/Library/PrivateFrameworks/Sharing.framework/Versions/A/Sharing
0x00000000221d7000 	/System/Library/PrivateFrameworks/IconServices.framework/Versions/A/IconServices
0x00000000221d7000 	/System/Library/PrivateFrameworks/Apple80211.framework/Versions/A/Apple80211
0x00000000221d7000 	/System/Library/PrivateFrameworks/CoreUtils.framework/Versions/A/CoreUtils
0x00000000221d7000 	/System/Library/Frameworks/CoreWLAN.framework/Versions/A/CoreWLAN
0x00000000221d7000 	/System/Library/Frameworks/IOBluetooth.framework/Versions/A/IOBluetooth
0x00000000221d7000 	/System/Library/PrivateFrameworks/ProtocolBuffer.framework/Versions/A/ProtocolBuffer
0x00000000221d7000 	/System/Library/PrivateFrameworks/CoreWiFi.framework/Versions/A/CoreWiFi
0x00000000221d7000 	/System/Library/Frameworks/CoreBluetooth.framework/Versions/A/CoreBluetooth
0x00000000221d7000 	/System/Library/PrivateFrameworks/DebugSymbols.framework/Versions/A/DebugSymbols
0x00000000221d7000 	/System/Library/PrivateFrameworks/CoreSymbolication.framework/Versions/A/CoreSymbolication
0x00000000221d7000 	/System/Library/PrivateFrameworks/Symbolication.framework/Versions/A/Symbolication
0x00000000221d7000 	/System/Library/PrivateFrameworks/AppleFSCompression.framework/Versions/A/AppleFSCompression
0x00000000221d7000 	/System/Library/PrivateFrameworks/SpeechRecognitionCore.framework/Versions/A/SpeechRecognitionCore
0x0000000109000000 	/Library/Java/JavaVirtualMachines/jdk1.8.0_51.jdk/Contents/Home/jre/lib/server/libjvm.dylib
0x00000000221d7000 	/usr/lib/libstdc++.6.0.9.dylib
0x0000000108699000 	/Library/Java/JavaVirtualMachines/jdk1.8.0_51.jdk/Contents/Home/jre/lib/libverify.dylib
0x00000001086a7000 	/Library/Java/JavaVirtualMachines/jdk1.8.0_51.jdk/Contents/Home/jre/lib/libjava.dylib
0x00000001086dd000 	/Library/Java/JavaVirtualMachines/jdk1.8.0_51.jdk/Contents/Home/jre/lib/libjdwp.dylib
0x0000000108728000 	/Library/Java/JavaVirtualMachines/jdk1.8.0_51.jdk/Contents/Home/jre/lib/libnpt.dylib
0x0000000108775000 	/Library/Java/JavaVirtualMachines/jdk1.8.0_51.jdk/Contents/Home/jre/lib/libzip.dylib
0x00000000221d7000 	/System/Library/Frameworks/JavaVM.framework/Versions/A/Frameworks/JavaRuntimeSupport.framework/Versions/A/JavaRuntimeSupport
0x00000000221d7000 	/System/Library/Frameworks/JavaVM.framework/Versions/A/Frameworks/JavaNativeFoundation.framework/Versions/A/JavaNativeFoundation
0x00000000221d7000 	/System/Library/Frameworks/JavaVM.framework/Versions/A/JavaVM
0x00000000221d7000 	/System/Library/Frameworks/Carbon.framework/Versions/A/Carbon
0x00000000221d7000 	/System/Library/PrivateFrameworks/JavaLaunching.framework/Versions/A/JavaLaunching
0x00000000221d7000 	/System/Library/Frameworks/Carbon.framework/Versions/A/Frameworks/CommonPanels.framework/Versions/A/CommonPanels
0x00000000221d7000 	/System/Library/Frameworks/Carbon.framework/Versions/A/Frameworks/Help.framework/Versions/A/Help
0x00000000221d7000 	/System/Library/Frameworks/Carbon.framework/Versions/A/Frameworks/ImageCapture.framework/Versions/A/ImageCapture
0x00000000221d7000 	/System/Library/Frameworks/Carbon.framework/Versions/A/Frameworks/OpenScripting.framework/Versions/A/OpenScripting
0x00000000221d7000 	/System/Library/Frameworks/Carbon.framework/Versions/A/Frameworks/Print.framework/Versions/A/Print
0x00000000221d7000 	/System/Library/Frameworks/Carbon.framework/Versions/A/Frameworks/SecurityHI.framework/Versions/A/SecurityHI
0x00000001087f7000 	/Library/Java/JavaVirtualMachines/jdk1.8.0_51.jdk/Contents/Home/jre/lib/libdt_socket.dylib
0x000000010c85c000 	/Library/Java/JavaVirtualMachines/jdk1.8.0_51.jdk/Contents/Home/jre/lib/libmanagement.dylib
0x000000010c869000 	/Library/Java/JavaVirtualMachines/jdk1.8.0_51.jdk/Contents/Home/jre/lib/libnet.dylib
0x000000010c8c8000 	/Library/Java/JavaVirtualMachines/jdk1.8.0_51.jdk/Contents/Home/jre/lib/libnio.dylib
0x0000000123479000 	/Library/Java/JavaVirtualMachines/jdk1.8.0_51.jdk/Contents/Home/jre/lib/libsunec.dylib

VM Arguments:
jvm_args: -agentlib:jdwp=transport=dt_socket,suspend=y,address=localhost:56777 -Dcom.sun.management.jmxremote -Dcom.sun.management.jmxremote.port=56776 -Dcom.sun.management.jmxremote.authenticate=false -Dcom.sun.management.jmxremote.ssl=false -Djava.rmi.server.hostname=localhost -Dspring.liveBeansView.mbeanDomain -Dspring.application.admin.enabled=true -Djava.security.egd=file:/dev/./urandom -Xverify:none -XX:TieredStopAtLevel=1 -Dfile.encoding=UTF-8 
java_command: com.stock.order.OrderApplication
java_class_path (initial): /Library/Java/JavaVirtualMachines/jdk1.8.0_51.jdk/Contents/Home/jre/lib/resources.jar:/Library/Java/JavaVirtualMachines/jdk1.8.0_51.jdk/Contents/Home/jre/lib/rt.jar:/Library/Java/JavaVirtualMachines/jdk1.8.0_51.jdk/Contents/Home/jre/lib/jsse.jar:/Library/Java/JavaVirtualMachines/jdk1.8.0_51.jdk/Contents/Home/jre/lib/jce.jar:/Library/Java/JavaVirtualMachines/jdk1.8.0_51.jdk/Contents/Home/jre/lib/charsets.jar:/Library/Java/JavaVirtualMachines/jdk1.8.0_51.jdk/Contents/Home/jre/lib/jfr.jar:/Library/Java/JavaVirtualMachines/jdk1.8.0_51.jdk/Contents/Home/jre/lib/ext/sunec.jar:/Library/Java/JavaVirtualMachines/jdk1.8.0_51.jdk/Contents/Home/jre/lib/ext/nashorn.jar:/Library/Java/JavaVirtualMachines/jdk1.8.0_51.jdk/Contents/Home/jre/lib/ext/cldrdata.jar:/Library/Java/JavaVirtualMachines/jdk1.8.0_51.jdk/Contents/Home/jre/lib/ext/jfxrt.jar:/Library/Java/JavaVirtualMachines/jdk1.8.0_51.jdk/Contents/Home/jre/lib/ext/dnsns.jar:/Library/Java/JavaVirtualMachines/jdk1.8.0_51.jdk/Contents/Home/jre/lib/ext/localedata.jar:/Library/Java/JavaVirtualMachines/jdk1.8.0_51.jdk/Contents/Home/jre/lib/ext/sunjce_provider.jar:/Library/Java/JavaVirtualMachines/jdk1.8.0_51.jdk/Contents/Home/jre/lib/ext/sunpkcs11.jar:/Library/Java/JavaVirtualMachines/jdk1.8.0_51.jdk/Contents/Home/jre/lib/ext/zipfs.jar:/System/Library/Java/Extensions/MRJToolkit.jar:/Users/vokerg/Documents/Projects/Stock/Order/target/classes:/Users/vokerg/.m2/repository/org/springframework/boot/spring-boot-starter-data-jpa/1.5.10.RELEASE/spring-boot-starter-data-jpa-1.5.10.RELEASE.jar:/Users/vokerg/.m2/repository/org/springframework/boot/spring-boot-starter/1.5.10.RELEASE/spring-boot-starter-1.5.10.RELEASE.jar:/Users/vokerg/.m2/repository/org/springframework/boot/spring-boot/1.5.10.RELEASE/spring-boot-1.5.10.RELEASE.jar:/Users/vokerg/.m2/repository/org/springframework/boot/spring-boot-autoconfigure/1.5.10.RELEASE/spring-boot-autoconfigure-1.5.10.RELEASE.jar:/Users/vokerg/.m2/repository/org/springframework/
Launcher Type: SUN_STANDARD

Environment Variables:
PATH=/usr/bin:/bin:/usr/sbin:/sbin
SHELL=/bin/bash

Signal Handlers:
SIGSEGV: [libjvm.dylib+0x58ef35], sa_mask[0]=11111111011111110111111111111111, sa_flags=SA_ONSTACK|SA_RESTART|SA_SIGINFO
SIGBUS: [libjvm.dylib+0x58ef35], sa_mask[0]=11111111011111110111111111111111, sa_flags=SA_RESTART|SA_SIGINFO
SIGFPE: [libjvm.dylib+0x46c028], sa_mask[0]=11111111011111110111111111111111, sa_flags=SA_RESTART|SA_SIGINFO
SIGPIPE: [libjvm.dylib+0x46c028], sa_mask[0]=11111111011111110111111111111111, sa_flags=SA_RESTART|SA_SIGINFO
SIGXFSZ: [libjvm.dylib+0x46c028], sa_mask[0]=11111111011111110111111111111111, sa_flags=SA_RESTART|SA_SIGINFO
SIGILL: [libjvm.dylib+0x46c028], sa_mask[0]=11111111011111110111111111111111, sa_flags=SA_RESTART|SA_SIGINFO
SIGUSR1: SIG_DFL, sa_mask[0]=00000000000000000000000000000000, sa_flags=none
SIGUSR2: [libjvm.dylib+0x46bb46], sa_mask[0]=00100000000000000000000000000000, sa_flags=SA_RESTART|SA_SIGINFO
SIGHUP: [libjvm.dylib+0x46a119], sa_mask[0]=11111111011111110111111111111111, sa_flags=SA_RESTART|SA_SIGINFO
SIGINT: [libjvm.dylib+0x46a119], sa_mask[0]=11111111011111110111111111111111, sa_flags=SA_RESTART|SA_SIGINFO
SIGTERM: [libjvm.dylib+0x46a119], sa_mask[0]=11111111011111110111111111111111, sa_flags=SA_RESTART|SA_SIGINFO
SIGQUIT: [libjvm.dylib+0x46a119], sa_mask[0]=11111111011111110111111111111111, sa_flags=SA_RESTART|SA_SIGINFO


---------------  S Y S T E M  ---------------

OS:Bsduname:Darwin 17.5.0 Darwin Kernel Version 17.5.0: Mon Mar  5 22:24:32 PST 2018; root:xnu-4570.51.1~1/RELEASE_X86_64 x86_64
rlimit: STACK 8192k, CORE 0k, NPROC 709, NOFILE 10240, AS infinity
load average:2.35 2.55 2.66

CPU:total 4 (2 cores per cpu, 2 threads per core) family 6 model 61 stepping 4, cmov, cx8, fxsr, mmx, sse, sse2, sse3, ssse3, sse4.1, sse4.2, popcnt, avx, avx2, aes, clmul, erms, 3dnowpref, lzcnt, ht, tsc, tscinvbit, bmi1, bmi2, adx

Memory: 4k page, physical 8388608k(20080k free)

/proc/meminfo:


vm_info: Java HotSpot(TM) 64-Bit Server VM (25.51-b03) for bsd-amd64 JRE (1.8.0_51-b16), built on Jun  8 2015 18:01:11 by "java_re" with gcc 4.2.1 (Based on Apple Inc. build 5658) (LLVM build 2336.11.00)

time: Fri Apr 13 15:46:14 2018
elapsed time: 69 seconds (0d 0h 1m 9s)

